pbrt version 4 (built May 27 2026 at 15:17:42)
Copyright (c)1998-2021 Matt Pharr, Wenzel Jakob, and Greg Humphreys.
The source code to pbrt (but *not* the book contents) is covered by the Apache 2.0 License.
See the file LICENSE.txt for the conditions of the license.
[1m[31mWarning[0m: /home/marcel/GitRepositories/Experiments/assets/scenes/slanted-edge-target/rossrealistic_lg_innotek.pbrt:6:0: Output filename supplied on command line, "/home/marcel/GitRepositories/Experiments/runs/pbrt-camera-gpu-psf-samples/2026-05-27_16-23-45-aefe829/outputs/realistic_1spp_gpu.exr" will override filename provided in scene description file, "rossrealistic_lg_innotek.exr".
[2026-05-27 16:23:51.210] [info] Reading camera lens from /home/marcel/GitRepositories/Experiments/assets/scenes/slanted-edge-target/../../../../ROSS/resources/lenses/Daniel/Wide1.zmx
[2026-05-27 16:23:51.210] [info] Resolved glass "N-SK4" to "N-SK4" from catalog "SCHOTT December 2024 preferred, inquiry, AR glasses (revC)"
[2026-05-27 16:23:51.210] [info] Resolved glass "SF1" to "SF1" from catalog "SCHOTT December 2024 preferred, inquiry, AR glasses (revC)"
[2026-05-27 16:23:51.210] [info] Resolved glass "N-SK4" to "N-SK4" from catalog "SCHOTT December 2024 preferred, inquiry, AR glasses (revC)"
[2026-05-27 16:23:51.210] [info] Resolved glass "SF1" to "SF1" from catalog "SCHOTT December 2024 preferred, inquiry, AR glasses (revC)"
[2026-05-27 16:23:51.210] [info] Resolved glass "N-SK4" to "N-SK4" from catalog "SCHOTT December 2024 preferred, inquiry, AR glasses (revC)"
[2026-05-27 16:23:51.210] [info] Resolved glass "N-SK4" to "N-SK4" from catalog "SCHOTT December 2024 preferred, inquiry, AR glasses (revC)"
[2026-05-27 16:23:51.210] [info] Resolved glass "N-SK4" to "N-SK4" from catalog "SCHOTT December 2024 preferred, inquiry, AR glasses (revC)"
[2026-05-27 16:23:51.210] [info] Resolved glass "SF1" to "SF1" from catalog "SCHOTT December 2024 preferred, inquiry, AR glasses (revC)"
[2026-05-27 16:23:51.210] [info] Resolved glass "SF1" to "SF1" from catalog "SCHOTT December 2024 preferred, inquiry, AR glasses (revC)"
[2026-05-27 16:23:51.210] [info] Resolved glass "N-SK4" to "N-SK4" from catalog "SCHOTT December 2024 preferred, inquiry, AR glasses (revC)"
[2026-05-27 16:23:51.210] [info] Resolved glass "N-SK4" to "N-SK4" from catalog "SCHOTT December 2024 preferred, inquiry, AR glasses (revC)"
[2026-05-27 16:23:51.210] [info] Reading image sensor from /home/marcel/GitRepositories/Experiments/assets/scenes/slanted-edge-target/../../../../ROSS/resources/sensors/onsemi_AR0237.json
[2026-05-27 16:23:51.210] [info] Focussing at 10.09m 
[2026-05-27 16:23:51.210] [info] focal length 18.54476mm
[2026-05-27 16:23:51.210] [info] back focal length 3.972028cm
[2026-05-27 16:23:51.210] [info] Computing exit pupil..
[2026-05-27 16:23:52.835] [info] Computing exit pupil done by 1%, elapsed time: 00h 00m 01s, remaining time: 00h 01m 39s, estimated total time: 00h 01m 40s
[2026-05-27 16:23:52.850] [info] Computing exit pupil done by 3%, elapsed time: 00h 00m 01s, remaining time: 00h 00m 32s, estimated total time: 00h 00m 33s
[2026-05-27 16:23:52.871] [info] Computing exit pupil done by 4%, elapsed time: 00h 00m 01s, remaining time: 00h 00m 24s, estimated total time: 00h 00m 25s
[2026-05-27 16:23:52.905] [info] Computing exit pupil done by 6%, elapsed time: 00h 00m 01s, remaining time: 00h 00m 15s, estimated total time: 00h 00m 16s
[2026-05-27 16:23:52.915] [info] Computing exit pupil done by 7%, elapsed time: 00h 00m 01s, remaining time: 00h 00m 13s, estimated total time: 00h 00m 14s
[2026-05-27 16:23:53.031] [info] Computing exit pupil done by 9%, elapsed time: 00h 00m 01s, remaining time: 00h 00m 10s, estimated total time: 00h 00m 11s
[2026-05-27 16:23:53.259] [info] Computing exit pupil done by 10%, elapsed time: 00h 00m 02s, remaining time: 00h 00m 18s, estimated total time: 00h 00m 20s
[2026-05-27 16:23:53.344] [info] Computing exit pupil done by 12%, elapsed time: 00h 00m 02s, remaining time: 00h 00m 14s, estimated total time: 00h 00m 16s
[2026-05-27 16:23:54.354] [info] Computing exit pupil done by 14%, elapsed time: 00h 00m 03s, remaining time: 00h 00m 18s, estimated total time: 00h 00m 21s
[2026-05-27 16:23:54.432] [info] Computing exit pupil done by 15%, elapsed time: 00h 00m 03s, remaining time: 00h 00m 17s, estimated total time: 00h 00m 20s
[2026-05-27 16:23:54.519] [info] Computing exit pupil done by 17%, elapsed time: 00h 00m 03s, remaining time: 00h 00m 14s, estimated total time: 00h 00m 17s
[2026-05-27 16:23:54.527] [info] Computing exit pupil done by 18%, elapsed time: 00h 00m 03s, remaining time: 00h 00m 13s, estimated total time: 00h 00m 16s
[2026-05-27 16:23:54.728] [info] Computing exit pupil done by 20%, elapsed time: 00h 00m 03s, remaining time: 00h 00m 12s, estimated total time: 00h 00m 15s
[2026-05-27 16:23:54.757] [info] Computing exit pupil done by 21%, elapsed time: 00h 00m 03s, remaining time: 00h 00m 11s, estimated total time: 00h 00m 14s
[2026-05-27 16:23:54.907] [info] Computing exit pupil done by 23%, elapsed time: 00h 00m 03s, remaining time: 00h 00m 10s, estimated total time: 00h 00m 13s
[2026-05-27 16:23:55.063] [info] Computing exit pupil done by 25%, elapsed time: 00h 00m 03s, remaining time: 00h 00m 09s, estimated total time: 00h 00m 12s
[2026-05-27 16:23:56.040] [info] Computing exit pupil done by 26%, elapsed time: 00h 00m 04s, remaining time: 00h 00m 11s, estimated total time: 00h 00m 15s
[2026-05-27 16:23:56.051] [info] Computing exit pupil done by 28%, elapsed time: 00h 00m 04s, remaining time: 00h 00m 10s, estimated total time: 00h 00m 14s
[2026-05-27 16:23:56.163] [info] Computing exit pupil done by 29%, elapsed time: 00h 00m 04s, remaining time: 00h 00m 09s, estimated total time: 00h 00m 13s
[2026-05-27 16:23:56.228] [info] Computing exit pupil done by 31%, elapsed time: 00h 00m 05s, remaining time: 00h 00m 11s, estimated total time: 00h 00m 16s
[2026-05-27 16:23:56.256] [info] Computing exit pupil done by 32%, elapsed time: 00h 00m 05s, remaining time: 00h 00m 10s, estimated total time: 00h 00m 15s
[2026-05-27 16:23:56.590] [info] Computing exit pupil done by 34%, elapsed time: 00h 00m 05s, remaining time: 00h 00m 09s, estimated total time: 00h 00m 14s
[2026-05-27 16:23:56.710] [info] Computing exit pupil done by 35%, elapsed time: 00h 00m 05s, remaining time: 00h 00m 09s, estimated total time: 00h 00m 14s
[2026-05-27 16:23:56.776] [info] Computing exit pupil done by 37%, elapsed time: 00h 00m 05s, remaining time: 00h 00m 08s, estimated total time: 00h 00m 13s
[2026-05-27 16:23:57.567] [info] Computing exit pupil done by 39%, elapsed time: 00h 00m 06s, remaining time: 00h 00m 09s, estimated total time: 00h 00m 15s
[2026-05-27 16:23:57.766] [info] Computing exit pupil done by 40%, elapsed time: 00h 00m 06s, remaining time: 00h 00m 09s, estimated total time: 00h 00m 15s
[2026-05-27 16:23:57.826] [info] Computing exit pupil done by 42%, elapsed time: 00h 00m 06s, remaining time: 00h 00m 08s, estimated total time: 00h 00m 14s
[2026-05-27 16:23:57.874] [info] Computing exit pupil done by 43%, elapsed time: 00h 00m 06s, remaining time: 00h 00m 07s, estimated total time: 00h 00m 13s
[2026-05-27 16:23:57.960] [info] Computing exit pupil done by 45%, elapsed time: 00h 00m 06s, remaining time: 00h 00m 07s, estimated total time: 00h 00m 13s
[2026-05-27 16:23:58.214] [info] Computing exit pupil done by 46%, elapsed time: 00h 00m 07s, remaining time: 00h 00m 08s, estimated total time: 00h 00m 15s
[2026-05-27 16:23:58.378] [info] Computing exit pupil done by 48%, elapsed time: 00h 00m 07s, remaining time: 00h 00m 07s, estimated total time: 00h 00m 14s
[2026-05-27 16:23:58.533] [info] Computing exit pupil done by 50%, elapsed time: 00h 00m 07s, remaining time: 00h 00m 07s, estimated total time: 00h 00m 14s
[2026-05-27 16:23:59.073] [info] Computing exit pupil done by 51%, elapsed time: 00h 00m 07s, remaining time: 00h 00m 06s, estimated total time: 00h 00m 13s
[2026-05-27 16:23:59.376] [info] Computing exit pupil done by 53%, elapsed time: 00h 00m 08s, remaining time: 00h 00m 07s, estimated total time: 00h 00m 15s
[2026-05-27 16:23:59.680] [info] Computing exit pupil done by 54%, elapsed time: 00h 00m 08s, remaining time: 00h 00m 06s, estimated total time: 00h 00m 14s
[2026-05-27 16:23:59.774] [info] Computing exit pupil done by 56%, elapsed time: 00h 00m 08s, remaining time: 00h 00m 06s, estimated total time: 00h 00m 14s
[2026-05-27 16:23:59.841] [info] Computing exit pupil done by 57%, elapsed time: 00h 00m 08s, remaining time: 00h 00m 06s, estimated total time: 00h 00m 14s
[2026-05-27 16:23:59.915] [info] Computing exit pupil done by 59%, elapsed time: 00h 00m 08s, remaining time: 00h 00m 05s, estimated total time: 00h 00m 13s
[2026-05-27 16:24:00.028] [info] Computing exit pupil done by 60%, elapsed time: 00h 00m 08s, remaining time: 00h 00m 05s, estimated total time: 00h 00m 13s
[2026-05-27 16:24:00.300] [info] Computing exit pupil done by 62%, elapsed time: 00h 00m 09s, remaining time: 00h 00m 05s, estimated total time: 00h 00m 14s
[2026-05-27 16:24:00.676] [info] Computing exit pupil done by 64%, elapsed time: 00h 00m 09s, remaining time: 00h 00m 05s, estimated total time: 00h 00m 14s
[2026-05-27 16:24:00.973] [info] Computing exit pupil done by 65%, elapsed time: 00h 00m 09s, remaining time: 00h 00m 04s, estimated total time: 00h 00m 13s
[2026-05-27 16:24:01.315] [info] Computing exit pupil done by 67%, elapsed time: 00h 00m 10s, remaining time: 00h 00m 04s, estimated total time: 00h 00m 14s
[2026-05-27 16:24:01.353] [info] Computing exit pupil done by 68%, elapsed time: 00h 00m 10s, remaining time: 00h 00m 04s, estimated total time: 00h 00m 14s
[2026-05-27 16:24:01.415] [info] Computing exit pupil done by 70%, elapsed time: 00h 00m 10s, remaining time: 00h 00m 04s, estimated total time: 00h 00m 14s
[2026-05-27 16:24:01.559] [info] Computing exit pupil done by 71%, elapsed time: 00h 00m 10s, remaining time: 00h 00m 04s, estimated total time: 00h 00m 14s
[2026-05-27 16:24:01.722] [info] Computing exit pupil done by 73%, elapsed time: 00h 00m 10s, remaining time: 00h 00m 03s, estimated total time: 00h 00m 13s
[2026-05-27 16:24:01.971] [info] Computing exit pupil done by 75%, elapsed time: 00h 00m 10s, remaining time: 00h 00m 03s, estimated total time: 00h 00m 13s
[2026-05-27 16:24:02.339] [info] Computing exit pupil done by 76%, elapsed time: 00h 00m 11s, remaining time: 00h 00m 03s, estimated total time: 00h 00m 14s
[2026-05-27 16:24:02.737] [info] Computing exit pupil done by 78%, elapsed time: 00h 00m 11s, remaining time: 00h 00m 03s, estimated total time: 00h 00m 14s
[2026-05-27 16:24:02.981] [info] Computing exit pupil done by 79%, elapsed time: 00h 00m 11s, remaining time: 00h 00m 02s, estimated total time: 00h 00m 13s
[2026-05-27 16:24:03.090] [info] Computing exit pupil done by 81%, elapsed time: 00h 00m 11s, remaining time: 00h 00m 02s, estimated total time: 00h 00m 13s
[2026-05-27 16:24:03.154] [info] Computing exit pupil done by 82%, elapsed time: 00h 00m 11s, remaining time: 00h 00m 02s, estimated total time: 00h 00m 13s
[2026-05-27 16:24:03.258] [info] Computing exit pupil done by 84%, elapsed time: 00h 00m 12s, remaining time: 00h 00m 02s, estimated total time: 00h 00m 14s
[2026-05-27 16:24:03.497] [info] Computing exit pupil done by 85%, elapsed time: 00h 00m 12s, remaining time: 00h 00m 02s, estimated total time: 00h 00m 14s
[2026-05-27 16:24:03.613] [info] Computing exit pupil done by 87%, elapsed time: 00h 00m 12s, remaining time: 00h 00m 01s, estimated total time: 00h 00m 13s
[2026-05-27 16:24:03.888] [info] Computing exit pupil done by 89%, elapsed time: 00h 00m 12s, remaining time: 00h 00m 01s, estimated total time: 00h 00m 13s
[2026-05-27 16:24:04.308] [info] Computing exit pupil done by 90%, elapsed time: 00h 00m 13s, remaining time: 00h 00m 01s, estimated total time: 00h 00m 14s
[2026-05-27 16:24:04.692] [info] Computing exit pupil done by 92%, elapsed time: 00h 00m 13s, remaining time: 00h 00m 01s, estimated total time: 00h 00m 14s
[2026-05-27 16:24:04.705] [info] Computing exit pupil done by 93%, elapsed time: 00h 00m 13s, remaining time: 00h 00m 00s, estimated total time: 00h 00m 13s
[2026-05-27 16:24:04.729] [info] Computing exit pupil done by 95%, elapsed time: 00h 00m 13s, remaining time: 00h 00m 00s, estimated total time: 00h 00m 13s
[2026-05-27 16:24:04.870] [info] Computing exit pupil done by 96%, elapsed time: 00h 00m 13s, remaining time: 00h 00m 00s, estimated total time: 00h 00m 13s
[2026-05-27 16:24:04.985] [info] Computing exit pupil done by 98%, elapsed time: 00h 00m 13s, remaining time: 00h 00m 00s, estimated total time: 00h 00m 13s
[2026-05-27 16:24:05.114] [info] Computing exit pupil done by 100%, elapsed time: 00h 00m 13s, remaining time: 00h 00m 00s, estimated total time: 00h 00m 13s
[2026-05-27 16:24:05.114] [info] Computing exit pupil took 00h 00m 13s.
Rendering: [                                           ] Rendering: [+++++++++++++++++++++++++++++++++++++++++++]  (0.1s)       Rendering: [+++++++++++++++++++++++++++++++++++++++++++]  (0.1s)       
