pbrt version 4 (built May 25 2026 at 16:21:11)
Copyright (c)1998-2021 Matt Pharr, Wenzel Jakob, and Greg Humphreys.
The source code to pbrt (but *not* the book contents) is covered by the Apache 2.0 License.
See the file LICENSE.txt for the conditions of the license.
[1m[31mWarning[0m: /home/marcel/GitRepositories/Experiments/assets/slanted-edge-target/rossinterpolatedpsf_low.pbrt:6:0: Output filename supplied on command line, "/home/marcel/GitRepositories/Experiments/runs/pbrt-cpu-gpu-e2e/2026-05-25_16-43-49-f31d9f0/outputs/gpu_a.exr" will override filename provided in scene description file, "rossinterpolatedpsf_low.exr".
[2026-05-25 16:43:50.183] [info] Reading camera lens from /home/marcel/GitRepositories/Experiments/assets/slanted-edge-target/../../../ROSS/resources/lenses/Daniel/Wide1.zmx
[2026-05-25 16:43:50.184] [info] Resolved glass "N-SK4" to "N-SK4" from catalog "SCHOTT December 2024 preferred, inquiry, AR glasses (revC)"
[2026-05-25 16:43:50.184] [info] Resolved glass "SF1" to "SF1" from catalog "SCHOTT December 2024 preferred, inquiry, AR glasses (revC)"
[2026-05-25 16:43:50.184] [info] Resolved glass "N-SK4" to "N-SK4" from catalog "SCHOTT December 2024 preferred, inquiry, AR glasses (revC)"
[2026-05-25 16:43:50.184] [info] Resolved glass "SF1" to "SF1" from catalog "SCHOTT December 2024 preferred, inquiry, AR glasses (revC)"
[2026-05-25 16:43:50.184] [info] Resolved glass "N-SK4" to "N-SK4" from catalog "SCHOTT December 2024 preferred, inquiry, AR glasses (revC)"
[2026-05-25 16:43:50.184] [info] Resolved glass "N-SK4" to "N-SK4" from catalog "SCHOTT December 2024 preferred, inquiry, AR glasses (revC)"
[2026-05-25 16:43:50.184] [info] Resolved glass "N-SK4" to "N-SK4" from catalog "SCHOTT December 2024 preferred, inquiry, AR glasses (revC)"
[2026-05-25 16:43:50.184] [info] Resolved glass "SF1" to "SF1" from catalog "SCHOTT December 2024 preferred, inquiry, AR glasses (revC)"
[2026-05-25 16:43:50.184] [info] Resolved glass "SF1" to "SF1" from catalog "SCHOTT December 2024 preferred, inquiry, AR glasses (revC)"
[2026-05-25 16:43:50.184] [info] Resolved glass "N-SK4" to "N-SK4" from catalog "SCHOTT December 2024 preferred, inquiry, AR glasses (revC)"
[2026-05-25 16:43:50.184] [info] Resolved glass "N-SK4" to "N-SK4" from catalog "SCHOTT December 2024 preferred, inquiry, AR glasses (revC)"
[2026-05-25 16:43:50.184] [info] Reading image sensor from /home/marcel/GitRepositories/Experiments/assets/slanted-edge-target/../../../ROSS/resources/sensors/onsemi_AR0237.json
[2026-05-25 16:43:50.184] [info] Focussing at 10.09m 
[2026-05-25 16:43:50.184] [info] focal length 18.54476mm
[2026-05-25 16:43:50.184] [info] back focal length 3.972028cm
[2026-05-25 16:43:50.184] [info] Computing exit pupil..
[2026-05-25 16:43:52.212] [info] Computing exit pupil done by 1%, elapsed time: 00h 00m 02s, remaining time: 00h 03m 18s, estimated total time: 00h 03m 20s
[2026-05-25 16:43:52.406] [info] Computing exit pupil done by 3%, elapsed time: 00h 00m 02s, remaining time: 00h 01m 04s, estimated total time: 00h 01m 06s
[2026-05-25 16:43:52.414] [info] Computing exit pupil done by 4%, elapsed time: 00h 00m 02s, remaining time: 00h 00m 48s, estimated total time: 00h 00m 50s
[2026-05-25 16:43:52.620] [info] Computing exit pupil done by 6%, elapsed time: 00h 00m 02s, remaining time: 00h 00m 31s, estimated total time: 00h 00m 33s
[2026-05-25 16:43:52.636] [info] Computing exit pupil done by 7%, elapsed time: 00h 00m 02s, remaining time: 00h 00m 26s, estimated total time: 00h 00m 28s
[2026-05-25 16:43:52.725] [info] Computing exit pupil done by 9%, elapsed time: 00h 00m 02s, remaining time: 00h 00m 20s, estimated total time: 00h 00m 22s
[2026-05-25 16:43:52.961] [info] Computing exit pupil done by 10%, elapsed time: 00h 00m 02s, remaining time: 00h 00m 18s, estimated total time: 00h 00m 20s
[2026-05-25 16:43:53.065] [info] Computing exit pupil done by 12%, elapsed time: 00h 00m 02s, remaining time: 00h 00m 14s, estimated total time: 00h 00m 16s
[2026-05-25 16:43:53.146] [info] Computing exit pupil done by 14%, elapsed time: 00h 00m 02s, remaining time: 00h 00m 12s, estimated total time: 00h 00m 14s
[2026-05-25 16:43:53.391] [info] Computing exit pupil done by 15%, elapsed time: 00h 00m 03s, remaining time: 00h 00m 17s, estimated total time: 00h 00m 20s
[2026-05-25 16:43:53.467] [info] Computing exit pupil done by 17%, elapsed time: 00h 00m 03s, remaining time: 00h 00m 14s, estimated total time: 00h 00m 17s
[2026-05-25 16:43:53.514] [info] Computing exit pupil done by 18%, elapsed time: 00h 00m 03s, remaining time: 00h 00m 13s, estimated total time: 00h 00m 16s
[2026-05-25 16:43:53.519] [info] Computing exit pupil done by 20%, elapsed time: 00h 00m 03s, remaining time: 00h 00m 12s, estimated total time: 00h 00m 15s
[2026-05-25 16:43:53.630] [info] Computing exit pupil done by 21%, elapsed time: 00h 00m 03s, remaining time: 00h 00m 11s, estimated total time: 00h 00m 14s
[2026-05-25 16:43:53.808] [info] Computing exit pupil done by 23%, elapsed time: 00h 00m 03s, remaining time: 00h 00m 10s, estimated total time: 00h 00m 13s
[2026-05-25 16:43:54.172] [info] Computing exit pupil done by 25%, elapsed time: 00h 00m 03s, remaining time: 00h 00m 09s, estimated total time: 00h 00m 12s
[2026-05-25 16:43:54.222] [info] Computing exit pupil done by 26%, elapsed time: 00h 00m 04s, remaining time: 00h 00m 11s, estimated total time: 00h 00m 15s
[2026-05-25 16:43:54.274] [info] Computing exit pupil done by 28%, elapsed time: 00h 00m 04s, remaining time: 00h 00m 10s, estimated total time: 00h 00m 14s
[2026-05-25 16:43:54.326] [info] Computing exit pupil done by 29%, elapsed time: 00h 00m 04s, remaining time: 00h 00m 09s, estimated total time: 00h 00m 13s
[2026-05-25 16:43:54.569] [info] Computing exit pupil done by 31%, elapsed time: 00h 00m 04s, remaining time: 00h 00m 08s, estimated total time: 00h 00m 12s
[2026-05-25 16:43:55.114] [info] Computing exit pupil done by 32%, elapsed time: 00h 00m 04s, remaining time: 00h 00m 08s, estimated total time: 00h 00m 12s
[2026-05-25 16:43:55.532] [info] Computing exit pupil done by 34%, elapsed time: 00h 00m 05s, remaining time: 00h 00m 09s, estimated total time: 00h 00m 14s
[2026-05-25 16:43:55.983] [info] Computing exit pupil done by 35%, elapsed time: 00h 00m 05s, remaining time: 00h 00m 09s, estimated total time: 00h 00m 14s
[2026-05-25 16:43:56.018] [info] Computing exit pupil done by 37%, elapsed time: 00h 00m 05s, remaining time: 00h 00m 08s, estimated total time: 00h 00m 13s
[2026-05-25 16:43:56.153] [info] Computing exit pupil done by 39%, elapsed time: 00h 00m 05s, remaining time: 00h 00m 07s, estimated total time: 00h 00m 12s
[2026-05-25 16:43:56.207] [info] Computing exit pupil done by 40%, elapsed time: 00h 00m 06s, remaining time: 00h 00m 09s, estimated total time: 00h 00m 15s
