pbrt version 4 (built May 25 2026 at 21:42:34)
Copyright (c)1998-2021 Matt Pharr, Wenzel Jakob, and Greg Humphreys.
The source code to pbrt (but *not* the book contents) is covered by the Apache 2.0 License.
See the file LICENSE.txt for the conditions of the license.
[1m[31mWarning[0m: /home/marcel/GitRepositories/Experiments/assets/slanted-edge-target/rossinterpolatedpsf_low.pbrt:6:0: Output filename supplied on command line, "/home/marcel/GitRepositories/Experiments/runs/pbrt-cpu-gpu-e2e/2026-05-25_22-07-50-32dbaf6/outputs/cpu_a.exr" will override filename provided in scene description file, "rossinterpolatedpsf_low.exr".
[2026-05-25 22:08:36.979] [info] Reading camera lens from /home/marcel/GitRepositories/Experiments/assets/slanted-edge-target/../../../ROSS/resources/lenses/Daniel/Wide1.zmx
[2026-05-25 22:08:36.980] [info] Resolved glass "N-SK4" to "N-SK4" from catalog "SCHOTT December 2024 preferred, inquiry, AR glasses (revC)"
[2026-05-25 22:08:36.980] [info] Resolved glass "SF1" to "SF1" from catalog "SCHOTT December 2024 preferred, inquiry, AR glasses (revC)"
[2026-05-25 22:08:36.980] [info] Resolved glass "N-SK4" to "N-SK4" from catalog "SCHOTT December 2024 preferred, inquiry, AR glasses (revC)"
[2026-05-25 22:08:36.980] [info] Resolved glass "SF1" to "SF1" from catalog "SCHOTT December 2024 preferred, inquiry, AR glasses (revC)"
[2026-05-25 22:08:36.980] [info] Resolved glass "N-SK4" to "N-SK4" from catalog "SCHOTT December 2024 preferred, inquiry, AR glasses (revC)"
[2026-05-25 22:08:36.980] [info] Resolved glass "N-SK4" to "N-SK4" from catalog "SCHOTT December 2024 preferred, inquiry, AR glasses (revC)"
[2026-05-25 22:08:36.980] [info] Resolved glass "N-SK4" to "N-SK4" from catalog "SCHOTT December 2024 preferred, inquiry, AR glasses (revC)"
[2026-05-25 22:08:36.980] [info] Resolved glass "SF1" to "SF1" from catalog "SCHOTT December 2024 preferred, inquiry, AR glasses (revC)"
[2026-05-25 22:08:36.980] [info] Resolved glass "SF1" to "SF1" from catalog "SCHOTT December 2024 preferred, inquiry, AR glasses (revC)"
[2026-05-25 22:08:36.980] [info] Resolved glass "N-SK4" to "N-SK4" from catalog "SCHOTT December 2024 preferred, inquiry, AR glasses (revC)"
[2026-05-25 22:08:36.980] [info] Resolved glass "N-SK4" to "N-SK4" from catalog "SCHOTT December 2024 preferred, inquiry, AR glasses (revC)"
[2026-05-25 22:08:36.980] [info] Reading image sensor from /home/marcel/GitRepositories/Experiments/assets/slanted-edge-target/../../../ROSS/resources/sensors/onsemi_AR0237.json
[2026-05-25 22:08:36.980] [info] Focussing at 10.09m 
[2026-05-25 22:08:36.980] [info] focal length 18.54476mm
[2026-05-25 22:08:36.980] [info] back focal length 3.972028cm
[2026-05-25 22:08:36.980] [info] Computing exit pupil..
