pbrt version 4 (built May 27 2026 at 15:17:42)
Copyright (c)1998-2021 Matt Pharr, Wenzel Jakob, and Greg Humphreys.
The source code to pbrt (but *not* the book contents) is covered by the Apache 2.0 License.
See the file LICENSE.txt for the conditions of the license.
[1m[31mWarning[0m: /home/marcel/GitRepositories/Experiments/assets/scenes/slanted-edge-target/rossrealistic_lg_innotek.pbrt:6:0: Output filename supplied on command line, "/home/marcel/GitRepositories/Experiments/runs/pbrt-camera-render-times/2026-05-27_15-59-42-ed5bb6f/outputs/raytracing_1spp_gpu.exr" will override filename provided in scene description file, "rossrealistic_lg_innotek.exr".
[2026-05-27 16:00:11.858] [info] Reading camera lens from /home/marcel/GitRepositories/Experiments/assets/scenes/slanted-edge-target/../../../../ROSS/resources/lenses/Daniel/Wide1.zmx
[2026-05-27 16:00:11.858] [info] Resolved glass "N-SK4" to "N-SK4" from catalog "SCHOTT December 2024 preferred, inquiry, AR glasses (revC)"
[2026-05-27 16:00:11.858] [info] Resolved glass "SF1" to "SF1" from catalog "SCHOTT December 2024 preferred, inquiry, AR glasses (revC)"
[2026-05-27 16:00:11.858] [info] Resolved glass "N-SK4" to "N-SK4" from catalog "SCHOTT December 2024 preferred, inquiry, AR glasses (revC)"
[2026-05-27 16:00:11.858] [info] Resolved glass "SF1" to "SF1" from catalog "SCHOTT December 2024 preferred, inquiry, AR glasses (revC)"
[2026-05-27 16:00:11.858] [info] Resolved glass "N-SK4" to "N-SK4" from catalog "SCHOTT December 2024 preferred, inquiry, AR glasses (revC)"
[2026-05-27 16:00:11.858] [info] Resolved glass "N-SK4" to "N-SK4" from catalog "SCHOTT December 2024 preferred, inquiry, AR glasses (revC)"
[2026-05-27 16:00:11.858] [info] Resolved glass "N-SK4" to "N-SK4" from catalog "SCHOTT December 2024 preferred, inquiry, AR glasses (revC)"
[2026-05-27 16:00:11.858] [info] Resolved glass "SF1" to "SF1" from catalog "SCHOTT December 2024 preferred, inquiry, AR glasses (revC)"
[2026-05-27 16:00:11.858] [info] Resolved glass "SF1" to "SF1" from catalog "SCHOTT December 2024 preferred, inquiry, AR glasses (revC)"
[2026-05-27 16:00:11.858] [info] Resolved glass "N-SK4" to "N-SK4" from catalog "SCHOTT December 2024 preferred, inquiry, AR glasses (revC)"
[2026-05-27 16:00:11.858] [info] Resolved glass "N-SK4" to "N-SK4" from catalog "SCHOTT December 2024 preferred, inquiry, AR glasses (revC)"
[2026-05-27 16:00:11.858] [info] Reading image sensor from /home/marcel/GitRepositories/Experiments/assets/scenes/slanted-edge-target/../../../../ROSS/resources/sensors/onsemi_AR0237.json
[2026-05-27 16:00:11.858] [info] Focussing at 10.09m 
[2026-05-27 16:00:11.858] [info] focal length 18.54476mm
[2026-05-27 16:00:11.858] [info] back focal length 3.972028cm
[2026-05-27 16:00:11.858] [info] Computing exit pupil..
[2026-05-27 16:00:13.467] [info] Computing exit pupil done by 1%, elapsed time: 00h 00m 01s, remaining time: 00h 01m 39s, estimated total time: 00h 01m 40s
[2026-05-27 16:00:13.490] [info] Computing exit pupil done by 3%, elapsed time: 00h 00m 01s, remaining time: 00h 00m 32s, estimated total time: 00h 00m 33s
[2026-05-27 16:00:13.526] [info] Computing exit pupil done by 4%, elapsed time: 00h 00m 01s, remaining time: 00h 00m 24s, estimated total time: 00h 00m 25s
[2026-05-27 16:00:13.540] [info] Computing exit pupil done by 6%, elapsed time: 00h 00m 01s, remaining time: 00h 00m 15s, estimated total time: 00h 00m 16s
[2026-05-27 16:00:13.593] [info] Computing exit pupil done by 7%, elapsed time: 00h 00m 01s, remaining time: 00h 00m 13s, estimated total time: 00h 00m 14s
[2026-05-27 16:00:13.739] [info] Computing exit pupil done by 9%, elapsed time: 00h 00m 01s, remaining time: 00h 00m 10s, estimated total time: 00h 00m 11s
[2026-05-27 16:00:13.777] [info] Computing exit pupil done by 10%, elapsed time: 00h 00m 01s, remaining time: 00h 00m 09s, estimated total time: 00h 00m 10s
[2026-05-27 16:00:14.105] [info] Computing exit pupil done by 12%, elapsed time: 00h 00m 02s, remaining time: 00h 00m 14s, estimated total time: 00h 00m 16s
[2026-05-27 16:00:14.979] [info] Computing exit pupil done by 14%, elapsed time: 00h 00m 03s, remaining time: 00h 00m 18s, estimated total time: 00h 00m 21s
[2026-05-27 16:00:15.110] [info] Computing exit pupil done by 15%, elapsed time: 00h 00m 03s, remaining time: 00h 00m 17s, estimated total time: 00h 00m 20s
[2026-05-27 16:00:15.114] [info] Computing exit pupil done by 17%, elapsed time: 00h 00m 03s, remaining time: 00h 00m 14s, estimated total time: 00h 00m 17s
[2026-05-27 16:00:15.251] [info] Computing exit pupil done by 18%, elapsed time: 00h 00m 03s, remaining time: 00h 00m 13s, estimated total time: 00h 00m 16s
[2026-05-27 16:00:15.308] [info] Computing exit pupil done by 20%, elapsed time: 00h 00m 03s, remaining time: 00h 00m 12s, estimated total time: 00h 00m 15s
[2026-05-27 16:00:15.423] [info] Computing exit pupil done by 21%, elapsed time: 00h 00m 03s, remaining time: 00h 00m 11s, estimated total time: 00h 00m 14s
[2026-05-27 16:00:16.046] [info] Computing exit pupil done by 23%, elapsed time: 00h 00m 04s, remaining time: 00h 00m 13s, estimated total time: 00h 00m 17s
[2026-05-27 16:00:16.609] [info] Computing exit pupil done by 25%, elapsed time: 00h 00m 04s, remaining time: 00h 00m 12s, estimated total time: 00h 00m 16s
[2026-05-27 16:00:16.631] [info] Computing exit pupil done by 26%, elapsed time: 00h 00m 04s, remaining time: 00h 00m 11s, estimated total time: 00h 00m 15s
[2026-05-27 16:00:16.662] [info] Computing exit pupil done by 28%, elapsed time: 00h 00m 04s, remaining time: 00h 00m 10s, estimated total time: 00h 00m 14s
[2026-05-27 16:00:16.882] [info] Computing exit pupil done by 29%, elapsed time: 00h 00m 05s, remaining time: 00h 00m 12s, estimated total time: 00h 00m 17s
[2026-05-27 16:00:16.926] [info] Computing exit pupil done by 31%, elapsed time: 00h 00m 05s, remaining time: 00h 00m 11s, estimated total time: 00h 00m 16s
[2026-05-27 16:00:17.080] [info] Computing exit pupil done by 32%, elapsed time: 00h 00m 05s, remaining time: 00h 00m 10s, estimated total time: 00h 00m 15s
[2026-05-27 16:00:17.214] [info] Computing exit pupil done by 34%, elapsed time: 00h 00m 05s, remaining time: 00h 00m 09s, estimated total time: 00h 00m 14s
[2026-05-27 16:00:18.105] [info] Computing exit pupil done by 35%, elapsed time: 00h 00m 06s, remaining time: 00h 00m 11s, estimated total time: 00h 00m 17s
[2026-05-27 16:00:18.106] [info] Computing exit pupil done by 37%, elapsed time: 00h 00m 06s, remaining time: 00h 00m 10s, estimated total time: 00h 00m 16s
[2026-05-27 16:00:18.175] [info] Computing exit pupil done by 39%, elapsed time: 00h 00m 06s, remaining time: 00h 00m 09s, estimated total time: 00h 00m 15s
[2026-05-27 16:00:18.514] [info] Computing exit pupil done by 40%, elapsed time: 00h 00m 06s, remaining time: 00h 00m 09s, estimated total time: 00h 00m 15s
[2026-05-27 16:00:18.525] [info] Computing exit pupil done by 42%, elapsed time: 00h 00m 06s, remaining time: 00h 00m 08s, estimated total time: 00h 00m 14s
[2026-05-27 16:00:18.532] [info] Computing exit pupil done by 43%, elapsed time: 00h 00m 06s, remaining time: 00h 00m 07s, estimated total time: 00h 00m 13s
[2026-05-27 16:00:18.656] [info] Computing exit pupil done by 45%, elapsed time: 00h 00m 06s, remaining time: 00h 00m 07s, estimated total time: 00h 00m 13s
[2026-05-27 16:00:19.077] [info] Computing exit pupil done by 46%, elapsed time: 00h 00m 07s, remaining time: 00h 00m 08s, estimated total time: 00h 00m 15s
[2026-05-27 16:00:19.749] [info] Computing exit pupil done by 48%, elapsed time: 00h 00m 07s, remaining time: 00h 00m 07s, estimated total time: 00h 00m 14s
[2026-05-27 16:00:19.783] [info] Computing exit pupil done by 50%, elapsed time: 00h 00m 07s, remaining time: 00h 00m 07s, estimated total time: 00h 00m 14s
[2026-05-27 16:00:19.840] [info] Computing exit pupil done by 51%, elapsed time: 00h 00m 07s, remaining time: 00h 00m 06s, estimated total time: 00h 00m 13s
[2026-05-27 16:00:20.176] [info] Computing exit pupil done by 53%, elapsed time: 00h 00m 08s, remaining time: 00h 00m 07s, estimated total time: 00h 00m 15s
[2026-05-27 16:00:20.235] [info] Computing exit pupil done by 54%, elapsed time: 00h 00m 08s, remaining time: 00h 00m 06s, estimated total time: 00h 00m 14s
[2026-05-27 16:00:20.486] [info] Computing exit pupil done by 56%, elapsed time: 00h 00m 08s, remaining time: 00h 00m 06s, estimated total time: 00h 00m 14s
[2026-05-27 16:00:20.541] [info] Computing exit pupil done by 57%, elapsed time: 00h 00m 08s, remaining time: 00h 00m 06s, estimated total time: 00h 00m 14s
[2026-05-27 16:00:21.204] [info] Computing exit pupil done by 59%, elapsed time: 00h 00m 09s, remaining time: 00h 00m 06s, estimated total time: 00h 00m 15s
[2026-05-27 16:00:21.316] [info] Computing exit pupil done by 60%, elapsed time: 00h 00m 09s, remaining time: 00h 00m 06s, estimated total time: 00h 00m 15s
[2026-05-27 16:00:21.384] [info] Computing exit pupil done by 62%, elapsed time: 00h 00m 09s, remaining time: 00h 00m 05s, estimated total time: 00h 00m 14s
[2026-05-27 16:00:21.633] [info] Computing exit pupil done by 64%, elapsed time: 00h 00m 09s, remaining time: 00h 00m 05s, estimated total time: 00h 00m 14s
[2026-05-27 16:00:21.795] [info] Computing exit pupil done by 65%, elapsed time: 00h 00m 09s, remaining time: 00h 00m 04s, estimated total time: 00h 00m 13s
[2026-05-27 16:00:21.800] [info] Computing exit pupil done by 67%, elapsed time: 00h 00m 09s, remaining time: 00h 00m 04s, estimated total time: 00h 00m 13s
[2026-05-27 16:00:22.591] [info] Computing exit pupil done by 68%, elapsed time: 00h 00m 10s, remaining time: 00h 00m 04s, estimated total time: 00h 00m 14s
[2026-05-27 16:00:22.713] [info] Computing exit pupil done by 70%, elapsed time: 00h 00m 10s, remaining time: 00h 00m 04s, estimated total time: 00h 00m 14s
[2026-05-27 16:00:22.775] [info] Computing exit pupil done by 71%, elapsed time: 00h 00m 10s, remaining time: 00h 00m 04s, estimated total time: 00h 00m 14s
[2026-05-27 16:00:22.938] [info] Computing exit pupil done by 73%, elapsed time: 00h 00m 11s, remaining time: 00h 00m 04s, estimated total time: 00h 00m 15s
[2026-05-27 16:00:23.166] [info] Computing exit pupil done by 75%, elapsed time: 00h 00m 11s, remaining time: 00h 00m 03s, estimated total time: 00h 00m 14s
[2026-05-27 16:00:23.316] [info] Computing exit pupil done by 76%, elapsed time: 00h 00m 11s, remaining time: 00h 00m 03s, estimated total time: 00h 00m 14s
[2026-05-27 16:00:23.612] [info] Computing exit pupil done by 78%, elapsed time: 00h 00m 11s, remaining time: 00h 00m 03s, estimated total time: 00h 00m 14s
[2026-05-27 16:00:23.724] [info] Computing exit pupil done by 79%, elapsed time: 00h 00m 11s, remaining time: 00h 00m 02s, estimated total time: 00h 00m 13s
[2026-05-27 16:00:24.168] [info] Computing exit pupil done by 81%, elapsed time: 00h 00m 12s, remaining time: 00h 00m 02s, estimated total time: 00h 00m 14s
[2026-05-27 16:00:24.232] [info] Computing exit pupil done by 82%, elapsed time: 00h 00m 12s, remaining time: 00h 00m 02s, estimated total time: 00h 00m 14s
[2026-05-27 16:00:24.405] [info] Computing exit pupil done by 84%, elapsed time: 00h 00m 12s, remaining time: 00h 00m 02s, estimated total time: 00h 00m 14s
[2026-05-27 16:00:24.653] [info] Computing exit pupil done by 85%, elapsed time: 00h 00m 12s, remaining time: 00h 00m 02s, estimated total time: 00h 00m 14s
[2026-05-27 16:00:25.154] [info] Computing exit pupil done by 87%, elapsed time: 00h 00m 13s, remaining time: 00h 00m 01s, estimated total time: 00h 00m 14s
[2026-05-27 16:00:25.246] [info] Computing exit pupil done by 89%, elapsed time: 00h 00m 13s, remaining time: 00h 00m 01s, estimated total time: 00h 00m 14s
[2026-05-27 16:00:25.396] [info] Computing exit pupil done by 90%, elapsed time: 00h 00m 13s, remaining time: 00h 00m 01s, estimated total time: 00h 00m 14s
[2026-05-27 16:00:25.563] [info] Computing exit pupil done by 92%, elapsed time: 00h 00m 13s, remaining time: 00h 00m 01s, estimated total time: 00h 00m 14s
[2026-05-27 16:00:25.700] [info] Computing exit pupil done by 93%, elapsed time: 00h 00m 13s, remaining time: 00h 00m 00s, estimated total time: 00h 00m 13s
[2026-05-27 16:00:25.783] [info] Computing exit pupil done by 95%, elapsed time: 00h 00m 13s, remaining time: 00h 00m 00s, estimated total time: 00h 00m 13s
[2026-05-27 16:00:25.904] [info] Computing exit pupil done by 96%, elapsed time: 00h 00m 14s, remaining time: 00h 00m 00s, estimated total time: 00h 00m 14s
[2026-05-27 16:00:26.213] [info] Computing exit pupil done by 98%, elapsed time: 00h 00m 14s, remaining time: 00h 00m 00s, estimated total time: 00h 00m 14s
[2026-05-27 16:00:27.051] [info] Computing exit pupil done by 100%, elapsed time: 00h 00m 15s, remaining time: 00h 00m 00s, estimated total time: 00h 00m 15s
[2026-05-27 16:00:27.051] [info] Computing exit pupil took 00h 00m 15s.
Rendering: [                                           ] Rendering: [+++++++++++++++++++++++++++++++++++++++++++]  (0.1s)       Rendering: [+++++++++++++++++++++++++++++++++++++++++++]  (0.1s)       
