pbrt version 4 (built May 27 2026 at 15:17:42)
Copyright (c)1998-2021 Matt Pharr, Wenzel Jakob, and Greg Humphreys.
The source code to pbrt (but *not* the book contents) is covered by the Apache 2.0 License.
See the file LICENSE.txt for the conditions of the license.
[1m[31mWarning[0m: /home/marcel/GitRepositories/Experiments/assets/scenes/slanted-edge-target/rossrealistic_lg_innotek.pbrt:6:0: Output filename supplied on command line, "/home/marcel/GitRepositories/Experiments/runs/pbrt-camera-render-times/2026-05-27_15-59-42-ed5bb6f/outputs/raytracing_32spp_gpu.exr" will override filename provided in scene description file, "rossrealistic_lg_innotek.exr".
[2026-05-27 16:06:14.030] [info] Reading camera lens from /home/marcel/GitRepositories/Experiments/assets/scenes/slanted-edge-target/../../../../ROSS/resources/lenses/Daniel/Wide1.zmx
[2026-05-27 16:06:14.030] [info] Resolved glass "N-SK4" to "N-SK4" from catalog "SCHOTT December 2024 preferred, inquiry, AR glasses (revC)"
[2026-05-27 16:06:14.030] [info] Resolved glass "SF1" to "SF1" from catalog "SCHOTT December 2024 preferred, inquiry, AR glasses (revC)"
[2026-05-27 16:06:14.030] [info] Resolved glass "N-SK4" to "N-SK4" from catalog "SCHOTT December 2024 preferred, inquiry, AR glasses (revC)"
[2026-05-27 16:06:14.030] [info] Resolved glass "SF1" to "SF1" from catalog "SCHOTT December 2024 preferred, inquiry, AR glasses (revC)"
[2026-05-27 16:06:14.030] [info] Resolved glass "N-SK4" to "N-SK4" from catalog "SCHOTT December 2024 preferred, inquiry, AR glasses (revC)"
[2026-05-27 16:06:14.030] [info] Resolved glass "N-SK4" to "N-SK4" from catalog "SCHOTT December 2024 preferred, inquiry, AR glasses (revC)"
[2026-05-27 16:06:14.030] [info] Resolved glass "N-SK4" to "N-SK4" from catalog "SCHOTT December 2024 preferred, inquiry, AR glasses (revC)"
[2026-05-27 16:06:14.030] [info] Resolved glass "SF1" to "SF1" from catalog "SCHOTT December 2024 preferred, inquiry, AR glasses (revC)"
[2026-05-27 16:06:14.030] [info] Resolved glass "SF1" to "SF1" from catalog "SCHOTT December 2024 preferred, inquiry, AR glasses (revC)"
[2026-05-27 16:06:14.030] [info] Resolved glass "N-SK4" to "N-SK4" from catalog "SCHOTT December 2024 preferred, inquiry, AR glasses (revC)"
[2026-05-27 16:06:14.030] [info] Resolved glass "N-SK4" to "N-SK4" from catalog "SCHOTT December 2024 preferred, inquiry, AR glasses (revC)"
[2026-05-27 16:06:14.030] [info] Reading image sensor from /home/marcel/GitRepositories/Experiments/assets/scenes/slanted-edge-target/../../../../ROSS/resources/sensors/onsemi_AR0237.json
[2026-05-27 16:06:14.030] [info] Focussing at 10.09m 
[2026-05-27 16:06:14.030] [info] focal length 18.54476mm
[2026-05-27 16:06:14.030] [info] back focal length 3.972028cm
[2026-05-27 16:06:14.030] [info] Computing exit pupil..
[2026-05-27 16:06:15.677] [info] Computing exit pupil done by 1%, elapsed time: 00h 00m 01s, remaining time: 00h 01m 39s, estimated total time: 00h 01m 40s
[2026-05-27 16:06:15.782] [info] Computing exit pupil done by 3%, elapsed time: 00h 00m 01s, remaining time: 00h 00m 32s, estimated total time: 00h 00m 33s
[2026-05-27 16:06:15.910] [info] Computing exit pupil done by 4%, elapsed time: 00h 00m 01s, remaining time: 00h 00m 24s, estimated total time: 00h 00m 25s
[2026-05-27 16:06:16.010] [info] Computing exit pupil done by 6%, elapsed time: 00h 00m 01s, remaining time: 00h 00m 15s, estimated total time: 00h 00m 16s
[2026-05-27 16:06:16.047] [info] Computing exit pupil done by 7%, elapsed time: 00h 00m 02s, remaining time: 00h 00m 26s, estimated total time: 00h 00m 28s
[2026-05-27 16:06:16.256] [info] Computing exit pupil done by 9%, elapsed time: 00h 00m 02s, remaining time: 00h 00m 20s, estimated total time: 00h 00m 22s
[2026-05-27 16:06:16.257] [info] Computing exit pupil done by 10%, elapsed time: 00h 00m 02s, remaining time: 00h 00m 18s, estimated total time: 00h 00m 20s
[2026-05-27 16:06:16.396] [info] Computing exit pupil done by 12%, elapsed time: 00h 00m 02s, remaining time: 00h 00m 14s, estimated total time: 00h 00m 16s
[2026-05-27 16:06:17.233] [info] Computing exit pupil done by 14%, elapsed time: 00h 00m 03s, remaining time: 00h 00m 18s, estimated total time: 00h 00m 21s
[2026-05-27 16:06:17.632] [info] Computing exit pupil done by 15%, elapsed time: 00h 00m 03s, remaining time: 00h 00m 17s, estimated total time: 00h 00m 20s
[2026-05-27 16:06:17.634] [info] Computing exit pupil done by 17%, elapsed time: 00h 00m 03s, remaining time: 00h 00m 14s, estimated total time: 00h 00m 17s
[2026-05-27 16:06:17.721] [info] Computing exit pupil done by 18%, elapsed time: 00h 00m 03s, remaining time: 00h 00m 13s, estimated total time: 00h 00m 16s
[2026-05-27 16:06:17.843] [info] Computing exit pupil done by 20%, elapsed time: 00h 00m 03s, remaining time: 00h 00m 12s, estimated total time: 00h 00m 15s
[2026-05-27 16:06:17.866] [info] Computing exit pupil done by 21%, elapsed time: 00h 00m 03s, remaining time: 00h 00m 11s, estimated total time: 00h 00m 14s
[2026-05-27 16:06:18.030] [info] Computing exit pupil done by 23%, elapsed time: 00h 00m 04s, remaining time: 00h 00m 13s, estimated total time: 00h 00m 17s
[2026-05-27 16:06:18.458] [info] Computing exit pupil done by 25%, elapsed time: 00h 00m 04s, remaining time: 00h 00m 12s, estimated total time: 00h 00m 16s
[2026-05-27 16:06:19.060] [info] Computing exit pupil done by 26%, elapsed time: 00h 00m 05s, remaining time: 00h 00m 14s, estimated total time: 00h 00m 19s
[2026-05-27 16:06:19.286] [info] Computing exit pupil done by 28%, elapsed time: 00h 00m 05s, remaining time: 00h 00m 12s, estimated total time: 00h 00m 17s
[2026-05-27 16:06:19.722] [info] Computing exit pupil done by 29%, elapsed time: 00h 00m 05s, remaining time: 00h 00m 12s, estimated total time: 00h 00m 17s
[2026-05-27 16:06:19.822] [info] Computing exit pupil done by 31%, elapsed time: 00h 00m 05s, remaining time: 00h 00m 11s, estimated total time: 00h 00m 16s
[2026-05-27 16:06:19.825] [info] Computing exit pupil done by 32%, elapsed time: 00h 00m 05s, remaining time: 00h 00m 10s, estimated total time: 00h 00m 15s
[2026-05-27 16:06:19.936] [info] Computing exit pupil done by 34%, elapsed time: 00h 00m 05s, remaining time: 00h 00m 09s, estimated total time: 00h 00m 14s
[2026-05-27 16:06:20.129] [info] Computing exit pupil done by 35%, elapsed time: 00h 00m 06s, remaining time: 00h 00m 11s, estimated total time: 00h 00m 17s
[2026-05-27 16:06:20.732] [info] Computing exit pupil done by 37%, elapsed time: 00h 00m 06s, remaining time: 00h 00m 10s, estimated total time: 00h 00m 16s
[2026-05-27 16:06:20.873] [info] Computing exit pupil done by 39%, elapsed time: 00h 00m 06s, remaining time: 00h 00m 09s, estimated total time: 00h 00m 15s
[2026-05-27 16:06:21.048] [info] Computing exit pupil done by 40%, elapsed time: 00h 00m 07s, remaining time: 00h 00m 10s, estimated total time: 00h 00m 17s
[2026-05-27 16:06:21.505] [info] Computing exit pupil done by 42%, elapsed time: 00h 00m 07s, remaining time: 00h 00m 09s, estimated total time: 00h 00m 16s
[2026-05-27 16:06:21.561] [info] Computing exit pupil done by 43%, elapsed time: 00h 00m 07s, remaining time: 00h 00m 09s, estimated total time: 00h 00m 16s
[2026-05-27 16:06:21.798] [info] Computing exit pupil done by 45%, elapsed time: 00h 00m 07s, remaining time: 00h 00m 08s, estimated total time: 00h 00m 15s
[2026-05-27 16:06:21.830] [info] Computing exit pupil done by 46%, elapsed time: 00h 00m 07s, remaining time: 00h 00m 08s, estimated total time: 00h 00m 15s
[2026-05-27 16:06:22.080] [info] Computing exit pupil done by 48%, elapsed time: 00h 00m 08s, remaining time: 00h 00m 08s, estimated total time: 00h 00m 16s
[2026-05-27 16:06:22.382] [info] Computing exit pupil done by 50%, elapsed time: 00h 00m 08s, remaining time: 00h 00m 08s, estimated total time: 00h 00m 16s
[2026-05-27 16:06:22.972] [info] Computing exit pupil done by 51%, elapsed time: 00h 00m 08s, remaining time: 00h 00m 07s, estimated total time: 00h 00m 15s
[2026-05-27 16:06:23.324] [info] Computing exit pupil done by 53%, elapsed time: 00h 00m 09s, remaining time: 00h 00m 07s, estimated total time: 00h 00m 16s
[2026-05-27 16:06:23.374] [info] Computing exit pupil done by 54%, elapsed time: 00h 00m 09s, remaining time: 00h 00m 07s, estimated total time: 00h 00m 16s
[2026-05-27 16:06:23.506] [info] Computing exit pupil done by 56%, elapsed time: 00h 00m 09s, remaining time: 00h 00m 07s, estimated total time: 00h 00m 16s
[2026-05-27 16:06:23.694] [info] Computing exit pupil done by 57%, elapsed time: 00h 00m 09s, remaining time: 00h 00m 06s, estimated total time: 00h 00m 15s
[2026-05-27 16:06:24.493] [info] Computing exit pupil done by 59%, elapsed time: 00h 00m 10s, remaining time: 00h 00m 06s, estimated total time: 00h 00m 16s
[2026-05-27 16:06:24.549] [info] Computing exit pupil done by 60%, elapsed time: 00h 00m 10s, remaining time: 00h 00m 06s, estimated total time: 00h 00m 16s
[2026-05-27 16:06:24.781] [info] Computing exit pupil done by 62%, elapsed time: 00h 00m 10s, remaining time: 00h 00m 06s, estimated total time: 00h 00m 16s
[2026-05-27 16:06:24.953] [info] Computing exit pupil done by 64%, elapsed time: 00h 00m 10s, remaining time: 00h 00m 05s, estimated total time: 00h 00m 15s
[2026-05-27 16:06:25.086] [info] Computing exit pupil done by 65%, elapsed time: 00h 00m 11s, remaining time: 00h 00m 05s, estimated total time: 00h 00m 16s
[2026-05-27 16:06:25.319] [info] Computing exit pupil done by 67%, elapsed time: 00h 00m 11s, remaining time: 00h 00m 05s, estimated total time: 00h 00m 16s
[2026-05-27 16:06:25.587] [info] Computing exit pupil done by 68%, elapsed time: 00h 00m 11s, remaining time: 00h 00m 05s, estimated total time: 00h 00m 16s
[2026-05-27 16:06:25.623] [info] Computing exit pupil done by 70%, elapsed time: 00h 00m 11s, remaining time: 00h 00m 04s, estimated total time: 00h 00m 15s
[2026-05-27 16:06:26.617] [info] Computing exit pupil done by 71%, elapsed time: 00h 00m 12s, remaining time: 00h 00m 04s, estimated total time: 00h 00m 16s
[2026-05-27 16:06:26.653] [info] Computing exit pupil done by 73%, elapsed time: 00h 00m 12s, remaining time: 00h 00m 04s, estimated total time: 00h 00m 16s
[2026-05-27 16:06:26.851] [info] Computing exit pupil done by 75%, elapsed time: 00h 00m 12s, remaining time: 00h 00m 04s, estimated total time: 00h 00m 16s
[2026-05-27 16:06:27.067] [info] Computing exit pupil done by 76%, elapsed time: 00h 00m 13s, remaining time: 00h 00m 04s, estimated total time: 00h 00m 17s
[2026-05-27 16:06:27.116] [info] Computing exit pupil done by 78%, elapsed time: 00h 00m 13s, remaining time: 00h 00m 03s, estimated total time: 00h 00m 16s
[2026-05-27 16:06:27.580] [info] Computing exit pupil done by 79%, elapsed time: 00h 00m 13s, remaining time: 00h 00m 03s, estimated total time: 00h 00m 16s
[2026-05-27 16:06:27.676] [info] Computing exit pupil done by 81%, elapsed time: 00h 00m 13s, remaining time: 00h 00m 03s, estimated total time: 00h 00m 16s
[2026-05-27 16:06:27.790] [info] Computing exit pupil done by 82%, elapsed time: 00h 00m 13s, remaining time: 00h 00m 02s, estimated total time: 00h 00m 15s
[2026-05-27 16:06:28.414] [info] Computing exit pupil done by 84%, elapsed time: 00h 00m 14s, remaining time: 00h 00m 02s, estimated total time: 00h 00m 16s
[2026-05-27 16:06:28.635] [info] Computing exit pupil done by 85%, elapsed time: 00h 00m 14s, remaining time: 00h 00m 02s, estimated total time: 00h 00m 16s
[2026-05-27 16:06:28.837] [info] Computing exit pupil done by 87%, elapsed time: 00h 00m 14s, remaining time: 00h 00m 02s, estimated total time: 00h 00m 16s
[2026-05-27 16:06:28.879] [info] Computing exit pupil done by 89%, elapsed time: 00h 00m 14s, remaining time: 00h 00m 01s, estimated total time: 00h 00m 15s
[2026-05-27 16:06:28.907] [info] Computing exit pupil done by 90%, elapsed time: 00h 00m 14s, remaining time: 00h 00m 01s, estimated total time: 00h 00m 15s
[2026-05-27 16:06:29.290] [info] Computing exit pupil done by 92%, elapsed time: 00h 00m 15s, remaining time: 00h 00m 01s, estimated total time: 00h 00m 16s
[2026-05-27 16:06:29.763] [info] Computing exit pupil done by 93%, elapsed time: 00h 00m 15s, remaining time: 00h 00m 01s, estimated total time: 00h 00m 16s
[2026-05-27 16:06:29.826] [info] Computing exit pupil done by 95%, elapsed time: 00h 00m 15s, remaining time: 00h 00m 00s, estimated total time: 00h 00m 15s
[2026-05-27 16:06:30.219] [info] Computing exit pupil done by 96%, elapsed time: 00h 00m 16s, remaining time: 00h 00m 00s, estimated total time: 00h 00m 16s
[2026-05-27 16:06:30.233] [info] Computing exit pupil done by 98%, elapsed time: 00h 00m 16s, remaining time: 00h 00m 00s, estimated total time: 00h 00m 16s
[2026-05-27 16:06:30.371] [info] Computing exit pupil done by 100%, elapsed time: 00h 00m 16s, remaining time: 00h 00m 00s, estimated total time: 00h 00m 16s
[2026-05-27 16:06:30.371] [info] Computing exit pupil took 00h 00m 16s.
Rendering: [                                           ] Rendering: [+                                          ]  (0.1s|1.6s)  Rendering: [++++                                       ]  (0.1s|1.0s)  Rendering: [++++++++                                   ]  (0.2s|0.7s)  Rendering: [+++++++++++                                ]  (0.2s|0.6s)  Rendering: [+++++++++++++                              ]  (0.3s|0.6s)  Rendering: [++++++++++++++++                           ]  (0.3s|0.5s)  Rendering: [+++++++++++++++++++                        ]  (0.4s|0.5s)  Rendering: [++++++++++++++++++++++                     ]  (0.4s|0.4s)  Rendering: [++++++++++++++++++++++++++                 ]  (0.5s|0.3s)  Rendering: [++++++++++++++++++++++++++++               ]  (0.5s|0.3s)  Rendering: [++++++++++++++++++++++++++++++++++         ]  (0.6s|0.2s)  Rendering: [++++++++++++++++++++++++++++++++++++++++   ]  (0.7s|0.0s)  Rendering: [+++++++++++++++++++++++++++++++++++++++++++]  (0.8s)       Rendering: [+++++++++++++++++++++++++++++++++++++++++++]  (0.8s)       
